<?xml version="1.0" encoding="UTF-8"?>
<!-- Generated by org.testng.reporters.JUnitReportReporter -->
<testsuite skipped="0" hostname="LAPTOP-3LM0TE9V" name="com.tests.LoginTest" tests="3" failures="0" timestamp="10 Aug 2019 23:53:11 GMT" time="61.148" errors="0">
  <testcase name="verifyLoginPageTitleTest" time="16.628" classname="com.tests.LoginTest"/>
  <testcase name="verifyLoginPageHeaderTest" time="22.167" classname="com.tests.LoginTest"/>
  <testcase name="doLoginTest" time="22.353" classname="com.tests.LoginTest"/>
</testsuite> <!-- com.tests.LoginTest -->
