<?xml version="1.0" encoding="UTF-8"?>
<!-- Generated by org.testng.reporters.JUnitReportReporter -->
<testsuite skipped="0" hostname="LAPTOP-3LM0TE9V" name="com.tests.LoginTest" tests="3" failures="0" timestamp="11 Aug 2019 00:00:21 GMT" time="58.708" errors="0">
  <testcase name="verifyLoginPageTitleTest" time="18.544" classname="com.tests.LoginTest"/>
  <testcase name="verifyLoginPageHeaderTest" time="21.834" classname="com.tests.LoginTest"/>
  <testcase name="doLoginTest" time="18.330" classname="com.tests.LoginTest"/>
</testsuite> <!-- com.tests.LoginTest -->
